*** You are running in headless mode.

(/usr/lib/firefox/firefox:5928): GLib-GObject-CRITICAL **: 11:08:00.070: g_object_set: assertion 'G_IS_OBJECT (object)' failed

(/usr/lib/firefox/firefox:5945): GLib-GObject-CRITICAL **: 11:08:00.175: g_object_set: assertion 'G_IS_OBJECT (object)' failed
console.warn: SearchSettings: "get: No settings file exists, new profile?" (new Error("", "(unknown module)"))
1617700080813	Marionette	INFO	Listening on port 38667
1617700080930	Marionette	WARN	TLS certificate errors will be ignored for this session

(/usr/lib/firefox/firefox:6013): GLib-GObject-CRITICAL **: 11:08:01.103: g_object_set: assertion 'G_IS_OBJECT (object)' failed
JavaScript warning: https://pagead2.googlesyndication.com/bg/UnhshoEcEp7BUdiAp0L0lVvGOuovhfpkH6FMm_tLZKs.js line 1 > eval line 630 > eval, line 1: WebGL warning: <Create>: Can't use WebGL in headless mode (https://bugzil.la/1375585).
JavaScript warning: https://pagead2.googlesyndication.com/bg/UnhshoEcEp7BUdiAp0L0lVvGOuovhfpkH6FMm_tLZKs.js line 1 > eval line 630 > eval, line 1: Failed to create WebGL context: WebGL creation failed: 
* Can't use WebGL in headless mode (https://bugzil.la/1375585).
1617700087214	Marionette	INFO	Stopped listening on port 38667
JavaScript error: , line 0: uncaught exception: undefined
*** You are running in headless mode.

(/usr/lib/firefox/firefox:6153): GLib-GObject-CRITICAL **: 11:08:19.770: g_object_set: assertion 'G_IS_OBJECT (object)' failed

(/usr/lib/firefox/firefox:6170): GLib-GObject-CRITICAL **: 11:08:19.886: g_object_set: assertion 'G_IS_OBJECT (object)' failed
console.warn: SearchSettings: "get: No settings file exists, new profile?" (new Error("", "(unknown module)"))
1617700100479	Marionette	INFO	Listening on port 42329
1617700100552	Marionette	WARN	TLS certificate errors will be ignored for this session

(/usr/lib/firefox/firefox:6238): GLib-GObject-CRITICAL **: 11:08:20.791: g_object_set: assertion 'G_IS_OBJECT (object)' failed
JavaScript warning: https://pagead2.googlesyndication.com/bg/UnhshoEcEp7BUdiAp0L0lVvGOuovhfpkH6FMm_tLZKs.js line 1 > eval line 889 > eval, line 1: WebGL warning: <Create>: Can't use WebGL in headless mode (https://bugzil.la/1375585).
JavaScript warning: https://pagead2.googlesyndication.com/bg/UnhshoEcEp7BUdiAp0L0lVvGOuovhfpkH6FMm_tLZKs.js line 1 > eval line 889 > eval, line 1: Failed to create WebGL context: WebGL creation failed: 
* Can't use WebGL in headless mode (https://bugzil.la/1375585).
1617700105805	Marionette	INFO	Stopped listening on port 42329
JavaScript error: , line 0: uncaught exception: undefined
JavaScript error: resource://gre/modules/AsyncShutdown.jsm, line 718: Error: Phase "Sqlite.jsm: wait until all connections are closed" is finished, it is too late to register completion condition "protections.sqlite#0: waiting for shutdown"

###!!! [Parent][RunMessage] Error: Channel closing: too late to send/recv, messages will be lost

*** You are running in headless mode.

(/usr/lib/firefox/firefox:13297): GLib-GObject-CRITICAL **: 07:34:44.947: g_object_set: assertion 'G_IS_OBJECT (object)' failed

(/usr/lib/firefox/firefox:13344): GLib-GObject-CRITICAL **: 07:34:45.332: g_object_set: assertion 'G_IS_OBJECT (object)' failed

(/usr/lib/firefox/firefox:13361): GLib-GObject-CRITICAL **: 07:34:45.467: g_object_set: assertion 'G_IS_OBJECT (object)' failed
1617773685561	Marionette	INFO	Listening on port 40239
1617773685617	Marionette	WARN	TLS certificate errors will be ignored for this session

(/usr/lib/firefox/firefox:13416): GLib-GObject-CRITICAL **: 07:34:45.985: g_object_set: assertion 'G_IS_OBJECT (object)' failed
1617773686459	Marionette	INFO	Stopped listening on port 40239

###!!! [Parent][RunMessage] Error: Channel closing: too late to send/recv, messages will be lost

*** You are running in headless mode.

(/usr/lib/firefox/firefox:13524): GLib-GObject-CRITICAL **: 07:35:18.345: g_object_set: assertion 'G_IS_OBJECT (object)' failed

(/usr/lib/firefox/firefox:13571): GLib-GObject-CRITICAL **: 07:35:18.751: g_object_set: assertion 'G_IS_OBJECT (object)' failed

(/usr/lib/firefox/firefox:13589): GLib-GObject-CRITICAL **: 07:35:18.892: g_object_set: assertion 'G_IS_OBJECT (object)' failed
1617773718994	Marionette	INFO	Listening on port 41339
1617773719109	Marionette	WARN	TLS certificate errors will be ignored for this session

(/usr/lib/firefox/firefox:13637): GLib-GObject-CRITICAL **: 07:35:19.365: g_object_set: assertion 'G_IS_OBJECT (object)' failed
1617773719898	Marionette	INFO	Stopped listening on port 41339
*** You are running in headless mode.

(/usr/lib/firefox/firefox:13789): GLib-GObject-CRITICAL **: 07:35:57.158: g_object_set: assertion 'G_IS_OBJECT (object)' failed

(/usr/lib/firefox/firefox:13836): GLib-GObject-CRITICAL **: 07:35:57.567: g_object_set: assertion 'G_IS_OBJECT (object)' failed

(/usr/lib/firefox/firefox:13854): GLib-GObject-CRITICAL **: 07:35:57.685: g_object_set: assertion 'G_IS_OBJECT (object)' failed
1617773757822	Marionette	INFO	Listening on port 38091
1617773757925	Marionette	WARN	TLS certificate errors will be ignored for this session

(/usr/lib/firefox/firefox:13898): GLib-GObject-CRITICAL **: 07:35:58.162: g_object_set: assertion 'G_IS_OBJECT (object)' failed
1617773762833	Marionette	INFO	Stopped listening on port 38091
JavaScript error: , line 0: uncaught exception: undefined
*** You are running in headless mode.

(/usr/lib/firefox/firefox:15256): GLib-GObject-CRITICAL **: 07:46:05.469: g_object_set: assertion 'G_IS_OBJECT (object)' failed

(/usr/lib/firefox/firefox:15301): GLib-GObject-CRITICAL **: 07:46:05.857: g_object_set: assertion 'G_IS_OBJECT (object)' failed
1617774366033	Marionette	INFO	Listening on port 43821
1617774366149	Marionette	WARN	TLS certificate errors will be ignored for this session

(/usr/lib/firefox/firefox:15339): GLib-GObject-CRITICAL **: 07:46:06.490: g_object_set: assertion 'G_IS_OBJECT (object)' failed
JavaScript error: https://cdn.ampproject.org/rtv/012103020108001/amp4ads-v0.mjs, line 2: Error: Failed to load: https://s0.2mdn.net/simgad/18301295379356610408​​​
JavaScript error: https://cdn.ampproject.org/rtv/012103020108001/amp4ads-v0.mjs, line 2: Error: Failed to load: https://tpc.googlesyndication.com/pagead/images/abg/en.png​​​
JavaScript error: https://cdn.ampproject.org/rtv/012103020108001/amp4ads-v0.mjs, line 2: Error: Failed to load: https://tpc.googlesyndication.com/pagead/images/abg/icon.png​​​
1617774371813	Marionette	INFO	Stopped listening on port 43821
*** You are running in headless mode.

(/usr/lib/firefox/firefox:15569): GLib-GObject-CRITICAL **: 07:46:55.780: g_object_set: assertion 'G_IS_OBJECT (object)' failed

(/usr/lib/firefox/firefox:15617): GLib-GObject-CRITICAL **: 07:46:56.194: g_object_set: assertion 'G_IS_OBJECT (object)' failed
1617774416234	Marionette	INFO	Listening on port 46063
1617774416352	Marionette	WARN	TLS certificate errors will be ignored for this session

(/usr/lib/firefox/firefox:15653): GLib-GObject-CRITICAL **: 07:46:56.835: g_object_set: assertion 'G_IS_OBJECT (object)' failed
JavaScript warning: https://pagead2.googlesyndication.com/bg/UnhshoEcEp7BUdiAp0L0lVvGOuovhfpkH6FMm_tLZKs.js line 1 > eval line 4788 > eval line 1 > eval, line 1: WebGL warning: <Create>: Can't use WebGL in headless mode (https://bugzil.la/1375585).
JavaScript warning: https://pagead2.googlesyndication.com/bg/UnhshoEcEp7BUdiAp0L0lVvGOuovhfpkH6FMm_tLZKs.js line 1 > eval line 4788 > eval line 1 > eval, line 1: Failed to create WebGL context: WebGL creation failed: 
* Can't use WebGL in headless mode (https://bugzil.la/1375585).
1617774670468	Marionette	INFO	Listening on port 33293
1617774670568	Marionette	WARN	TLS certificate errors will be ignored for this session
JavaScript error: https://cdn.ampproject.org/rtv/012103020108001/amp4ads-v0.mjs, line 2: Error: Failed to load: https://tpc.googlesyndication.com/simgad/18325749134819376253?sqp=4sqPyQQ7QjkqNxABHQAAtEIgASgBMAk4A0DwkwlYAWBfcAKAAQGIAQGdAQAAgD-oAQGwAYCt4gS4AV_FAS2ynT4&rs=AOga4qlunCKiF5SQMSbnoxY5_NBOC4qS0Q​​​
JavaScript error: https://cdn.ampproject.org/rtv/012103020108001/amp4ads-v0.mjs, line 2: Error: Failed to load: https://tpc.googlesyndication.com/pagead/images/abg/en.png​​​
JavaScript error: https://cdn.ampproject.org/rtv/012103020108001/amp4ads-v0.mjs, line 2: Error: Failed to load: https://tpc.googlesyndication.com/pagead/images/abg/icon.png​​​
1617774687506	Marionette	INFO	Listening on port 34677
1617774687584	Marionette	WARN	TLS certificate errors will be ignored for this session
1617774721396	Marionette	INFO	Stopped listening on port 33293
JavaScript error: https://cdn.ampproject.org/rtv/012103020108001/amp4ads-v0.mjs, line 2: Error: Failed to load: https://s0.2mdn.net/simgad/4077594372906070076​​​
JavaScript error: https://cdn.ampproject.org/rtv/012103020108001/amp4ads-v0.mjs, line 2: Error: Failed to load: https://tpc.googlesyndication.com/pagead/images/abg/en.png​​​
JavaScript error: https://cdn.ampproject.org/rtv/012103020108001/amp4ads-v0.mjs, line 2: Error: Failed to load: https://tpc.googlesyndication.com/pagead/images/abg/icon.png​​​

###!!! [Child][RunMessage] Error: Channel closing: too late to send/recv, messages will be lost

1617774724303	Marionette	INFO	Stopped listening on port 34677
