INFO  [2021-04-05 18:01:43] Started obtaining recipe links for page 1.
INFO  [2021-04-05 18:01:43] Finished obtaining recipe links for page 1.
INFO  [2021-04-05 18:01:43] Started to obtain recipe 1 on page 1.
[0405/180148.616964:WARNING:headless_browser_main_parts.cc(83)] Cannot create Pref Service with no user data dir.
[0405/180149.776260:WARNING:audio_manager_linux.cc(69)] Falling back to ALSA for audio output. PulseAudio is not available or could not be initialized.
INFO  [2021-04-05 18:01:51] Finished to obtain recipe 1 on page 1.
INFO  [2021-04-05 18:01:51] Started to obtain recipe 2 on page 1.
[0405/180156.368304:WARNING:headless_browser_main_parts.cc(83)] Cannot create Pref Service with no user data dir.
[0405/180157.698789:WARNING:audio_manager_linux.cc(69)] Falling back to ALSA for audio output. PulseAudio is not available or could not be initialized.
INFO  [2021-04-05 18:01:59] Finished to obtain recipe 2 on page 1.
INFO  [2021-04-05 18:01:59] Started to obtain recipe 3 on page 1.
[0405/180204.864834:WARNING:headless_browser_main_parts.cc(83)] Cannot create Pref Service with no user data dir.
[0405/180206.105180:WARNING:audio_manager_linux.cc(69)] Falling back to ALSA for audio output. PulseAudio is not available or could not be initialized.
INFO  [2021-04-05 18:02:07] Finished to obtain recipe 3 on page 1.
INFO  [2021-04-05 18:02:07] Started to obtain recipe 4 on page 1.
[0405/180212.709179:WARNING:headless_browser_main_parts.cc(83)] Cannot create Pref Service with no user data dir.
[0405/180214.505136:WARNING:audio_manager_linux.cc(69)] Falling back to ALSA for audio output. PulseAudio is not available or could not be initialized.
INFO  [2021-04-05 18:02:18] Finished to obtain recipe 4 on page 1.
INFO  [2021-04-05 18:02:18] Started to obtain recipe 5 on page 1.
[0405/180224.027643:WARNING:headless_browser_main_parts.cc(83)] Cannot create Pref Service with no user data dir.
[0405/180225.251001:WARNING:audio_manager_linux.cc(69)] Falling back to ALSA for audio output. PulseAudio is not available or could not be initialized.
INFO  [2021-04-05 18:02:26] Finished to obtain recipe 5 on page 1.
INFO  [2021-04-05 18:02:26] Started to obtain recipe 6 on page 1.
[0405/180231.786316:WARNING:headless_browser_main_parts.cc(83)] Cannot create Pref Service with no user data dir.
[0405/180233.131953:WARNING:audio_manager_linux.cc(69)] Falling back to ALSA for audio output. PulseAudio is not available or could not be initialized.
INFO  [2021-04-05 18:02:34] Finished to obtain recipe 6 on page 1.
INFO  [2021-04-05 18:02:34] Started to obtain recipe 7 on page 1.
[0405/180239.760041:WARNING:headless_browser_main_parts.cc(83)] Cannot create Pref Service with no user data dir.
[0405/180241.195651:WARNING:audio_manager_linux.cc(69)] Falling back to ALSA for audio output. PulseAudio is not available or could not be initialized.
INFO  [2021-04-05 18:02:43] Finished to obtain recipe 7 on page 1.
INFO  [2021-04-05 18:02:43] Started to obtain recipe 8 on page 1.
[0405/180248.385651:WARNING:headless_browser_main_parts.cc(83)] Cannot create Pref Service with no user data dir.
[0405/180249.743904:WARNING:audio_manager_linux.cc(69)] Falling back to ALSA for audio output. PulseAudio is not available or could not be initialized.
INFO  [2021-04-05 18:02:51] Finished to obtain recipe 8 on page 1.
INFO  [2021-04-05 18:02:51] Started to obtain recipe 9 on page 1.
[0405/180256.856384:WARNING:headless_browser_main_parts.cc(83)] Cannot create Pref Service with no user data dir.
[0405/180258.113528:WARNING:audio_manager_linux.cc(69)] Falling back to ALSA for audio output. PulseAudio is not available or could not be initialized.
INFO  [2021-04-05 18:02:59] Finished to obtain recipe 9 on page 1.
INFO  [2021-04-05 18:02:59] Started to obtain recipe 10 on page 1.
[0405/180304.687048:WARNING:headless_browser_main_parts.cc(83)] Cannot create Pref Service with no user data dir.
[0405/180305.994829:WARNING:audio_manager_linux.cc(69)] Falling back to ALSA for audio output. PulseAudio is not available or could not be initialized.
INFO  [2021-04-05 18:03:07] Finished to obtain recipe 10 on page 1.
INFO  [2021-04-05 18:03:07] Started to obtain recipe 11 on page 1.
[0405/180312.625537:WARNING:headless_browser_main_parts.cc(83)] Cannot create Pref Service with no user data dir.
[0405/180314.153335:WARNING:audio_manager_linux.cc(69)] Falling back to ALSA for audio output. PulseAudio is not available or could not be initialized.
INFO  [2021-04-05 18:03:17] Finished to obtain recipe 11 on page 1.
INFO  [2021-04-05 18:03:17] Started to obtain recipe 12 on page 1.
[0405/180322.935588:WARNING:headless_browser_main_parts.cc(83)] Cannot create Pref Service with no user data dir.
[0405/180324.579854:WARNING:audio_manager_linux.cc(69)] Falling back to ALSA for audio output. PulseAudio is not available or could not be initialized.
INFO  [2021-04-05 18:03:26] Finished to obtain recipe 12 on page 1.
INFO  [2021-04-05 18:03:26] Started to obtain recipe 13 on page 1.
[0405/180331.156292:WARNING:headless_browser_main_parts.cc(83)] Cannot create Pref Service with no user data dir.
[0405/180332.436982:WARNING:audio_manager_linux.cc(69)] Falling back to ALSA for audio output. PulseAudio is not available or could not be initialized.
INFO  [2021-04-05 18:03:33] Finished to obtain recipe 13 on page 1.
INFO  [2021-04-05 18:03:33] Started to obtain recipe 14 on page 1.
[0405/180338.964066:WARNING:headless_browser_main_parts.cc(83)] Cannot create Pref Service with no user data dir.
[0405/180340.247946:WARNING:audio_manager_linux.cc(69)] Falling back to ALSA for audio output. PulseAudio is not available or could not be initialized.
INFO  [2021-04-05 18:03:41] Finished to obtain recipe 14 on page 1.
INFO  [2021-04-05 18:03:41] Started to obtain recipe 15 on page 1.
[0405/180346.806488:WARNING:headless_browser_main_parts.cc(83)] Cannot create Pref Service with no user data dir.
[0405/180348.129721:WARNING:audio_manager_linux.cc(69)] Falling back to ALSA for audio output. PulseAudio is not available or could not be initialized.
INFO  [2021-04-05 18:03:49] Finished to obtain recipe 15 on page 1.
INFO  [2021-04-05 18:03:49] Started to obtain recipe 16 on page 1.
[0405/180354.694652:WARNING:headless_browser_main_parts.cc(83)] Cannot create Pref Service with no user data dir.
[0405/180355.984788:WARNING:audio_manager_linux.cc(69)] Falling back to ALSA for audio output. PulseAudio is not available or could not be initialized.
INFO  [2021-04-05 18:03:57] Finished to obtain recipe 16 on page 1.
INFO  [2021-04-05 18:03:57] Started to obtain recipe 17 on page 1.
[0405/180402.550819:WARNING:headless_browser_main_parts.cc(83)] Cannot create Pref Service with no user data dir.
[0405/180403.869354:WARNING:audio_manager_linux.cc(69)] Falling back to ALSA for audio output. PulseAudio is not available or could not be initialized.
INFO  [2021-04-05 18:04:07] Finished to obtain recipe 17 on page 1.
INFO  [2021-04-05 18:04:07] Started to obtain recipe 18 on page 1.
[0405/180412.888891:WARNING:headless_browser_main_parts.cc(83)] Cannot create Pref Service with no user data dir.
[0405/180414.241753:WARNING:audio_manager_linux.cc(69)] Falling back to ALSA for audio output. PulseAudio is not available or could not be initialized.
INFO  [2021-04-05 18:04:16] Finished to obtain recipe 18 on page 1.
INFO  [2021-04-05 18:04:16] Started to obtain recipe 19 on page 1.
[0405/180421.496847:WARNING:headless_browser_main_parts.cc(83)] Cannot create Pref Service with no user data dir.
[0405/180422.815841:WARNING:audio_manager_linux.cc(69)] Falling back to ALSA for audio output. PulseAudio is not available or could not be initialized.
INFO  [2021-04-05 18:04:24] Finished to obtain recipe 19 on page 1.
INFO  [2021-04-05 18:04:24] Started to obtain recipe 20 on page 1.
[0405/180429.348963:WARNING:headless_browser_main_parts.cc(83)] Cannot create Pref Service with no user data dir.
[0405/180430.655473:WARNING:audio_manager_linux.cc(69)] Falling back to ALSA for audio output. PulseAudio is not available or could not be initialized.
INFO  [2021-04-05 18:04:32] Finished to obtain recipe 20 on page 1.
INFO  [2021-04-05 18:04:32] Started to obtain recipe 21 on page 1.
[0405/180437.326652:WARNING:headless_browser_main_parts.cc(83)] Cannot create Pref Service with no user data dir.
[0405/180438.634285:WARNING:audio_manager_linux.cc(69)] Falling back to ALSA for audio output. PulseAudio is not available or could not be initialized.
INFO  [2021-04-05 18:04:40] Finished to obtain recipe 21 on page 1.
INFO  [2021-04-05 18:04:40] Started to obtain recipe 22 on page 1.
[0405/180445.644036:WARNING:headless_browser_main_parts.cc(83)] Cannot create Pref Service with no user data dir.
[0405/180446.956042:WARNING:audio_manager_linux.cc(69)] Falling back to ALSA for audio output. PulseAudio is not available or could not be initialized.
INFO  [2021-04-05 18:04:48] Finished to obtain recipe 22 on page 1.
INFO  [2021-04-05 18:04:48] Started to obtain recipe 23 on page 1.
[0405/180453.529258:WARNING:headless_browser_main_parts.cc(83)] Cannot create Pref Service with no user data dir.
[0405/180454.598412:WARNING:audio_manager_linux.cc(69)] Falling back to ALSA for audio output. PulseAudio is not available or could not be initialized.
INFO  [2021-04-05 18:04:56] Finished to obtain recipe 23 on page 1.
INFO  [2021-04-05 18:04:56] Started to obtain recipe 24 on page 1.
[0405/180501.815502:WARNING:headless_browser_main_parts.cc(83)] Cannot create Pref Service with no user data dir.
[0405/180503.093081:WARNING:audio_manager_linux.cc(69)] Falling back to ALSA for audio output. PulseAudio is not available or could not be initialized.
INFO  [2021-04-05 18:05:04] Finished to obtain recipe 24 on page 1.
INFO  [2021-04-05 18:05:04] Started to obtain recipe 25 on page 1.
[0405/180509.698094:WARNING:headless_browser_main_parts.cc(83)] Cannot create Pref Service with no user data dir.
[0405/180511.009775:WARNING:audio_manager_linux.cc(69)] Falling back to ALSA for audio output. PulseAudio is not available or could not be initialized.
INFO  [2021-04-05 18:05:12] Finished to obtain recipe 25 on page 1.
INFO  [2021-04-05 18:05:12] Started to obtain recipe 26 on page 1.
[0405/180518.070908:WARNING:headless_browser_main_parts.cc(83)] Cannot create Pref Service with no user data dir.
[0405/180519.311191:WARNING:audio_manager_linux.cc(69)] Falling back to ALSA for audio output. PulseAudio is not available or could not be initialized.
INFO  [2021-04-05 18:05:20] Finished to obtain recipe 26 on page 1.
INFO  [2021-04-05 18:05:20] Started to obtain recipe 27 on page 1.
[0405/180525.907847:WARNING:headless_browser_main_parts.cc(83)] Cannot create Pref Service with no user data dir.
[0405/180527.200135:WARNING:audio_manager_linux.cc(69)] Falling back to ALSA for audio output. PulseAudio is not available or could not be initialized.
INFO  [2021-04-05 18:05:31] Finished to obtain recipe 27 on page 1.
INFO  [2021-04-05 18:05:31] Started to obtain recipe 28 on page 1.
[0405/180536.353571:WARNING:headless_browser_main_parts.cc(83)] Cannot create Pref Service with no user data dir.
[0405/180537.685249:WARNING:audio_manager_linux.cc(69)] Falling back to ALSA for audio output. PulseAudio is not available or could not be initialized.
INFO  [2021-04-05 18:05:41] Finished to obtain recipe 28 on page 1.
INFO  [2021-04-05 18:05:41] Started to obtain recipe 29 on page 1.
[0405/180546.524502:WARNING:headless_browser_main_parts.cc(83)] Cannot create Pref Service with no user data dir.
[0405/180548.246405:WARNING:audio_manager_linux.cc(69)] Falling back to ALSA for audio output. PulseAudio is not available or could not be initialized.
INFO  [2021-04-05 18:05:50] Finished to obtain recipe 29 on page 1.
INFO  [2021-04-05 18:05:50] Started to obtain recipe 30 on page 1.
[0405/180555.655039:WARNING:headless_browser_main_parts.cc(83)] Cannot create Pref Service with no user data dir.
[0405/180557.002401:WARNING:audio_manager_linux.cc(69)] Falling back to ALSA for audio output. PulseAudio is not available or could not be initialized.
INFO  [2021-04-05 18:05:59] Finished to obtain recipe 30 on page 1.
INFO  [2021-04-05 18:05:59] Started writing page 1 to database.
INFO  [2021-04-05 18:05:59] 
INFO  [2021-04-05 18:05:59] Started obtaining recipe links for page 2.
INFO  [2021-04-05 18:05:59] Finished obtaining recipe links for page 2.
INFO  [2021-04-05 18:05:59] Started to obtain recipe 1 on page 2.
[0405/180604.795480:WARNING:headless_browser_main_parts.cc(83)] Cannot create Pref Service with no user data dir.
[0405/180606.078704:WARNING:audio_manager_linux.cc(69)] Falling back to ALSA for audio output. PulseAudio is not available or could not be initialized.
INFO  [2021-04-05 18:06:10] Finished to obtain recipe 1 on page 2.
INFO  [2021-04-05 18:06:10] Started to obtain recipe 2 on page 2.
[0405/180615.776643:WARNING:headless_browser_main_parts.cc(83)] Cannot create Pref Service with no user data dir.
[0405/180617.029685:WARNING:audio_manager_linux.cc(69)] Falling back to ALSA for audio output. PulseAudio is not available or could not be initialized.
INFO  [2021-04-05 18:06:18] Finished to obtain recipe 2 on page 2.
INFO  [2021-04-05 18:06:18] Started to obtain recipe 3 on page 2.
[0405/180623.718811:WARNING:headless_browser_main_parts.cc(83)] Cannot create Pref Service with no user data dir.
[0405/180624.881199:WARNING:audio_manager_linux.cc(69)] Falling back to ALSA for audio output. PulseAudio is not available or could not be initialized.
INFO  [2021-04-05 18:06:29] Finished to obtain recipe 3 on page 2.
INFO  [2021-04-05 18:06:29] Started to obtain recipe 4 on page 2.
[0405/180634.153915:WARNING:headless_browser_main_parts.cc(83)] Cannot create Pref Service with no user data dir.
[0405/180635.385515:WARNING:audio_manager_linux.cc(69)] Falling back to ALSA for audio output. PulseAudio is not available or could not be initialized.
INFO  [2021-04-05 18:06:36] Finished to obtain recipe 4 on page 2.
INFO  [2021-04-05 18:06:36] Started to obtain recipe 5 on page 2.
[0405/180642.012488:WARNING:headless_browser_main_parts.cc(83)] Cannot create Pref Service with no user data dir.
[0405/180643.381351:WARNING:audio_manager_linux.cc(69)] Falling back to ALSA for audio output. PulseAudio is not available or could not be initialized.
INFO  [2021-04-05 18:06:47] Finished to obtain recipe 5 on page 2.
INFO  [2021-04-05 18:06:47] Started to obtain recipe 6 on page 2.
[0405/180652.205806:WARNING:headless_browser_main_parts.cc(83)] Cannot create Pref Service with no user data dir.
[0405/180653.477762:WARNING:audio_manager_linux.cc(69)] Falling back to ALSA for audio output. PulseAudio is not available or could not be initialized.
INFO  [2021-04-05 18:06:57] Finished to obtain recipe 6 on page 2.
INFO  [2021-04-05 18:06:57] Started to obtain recipe 7 on page 2.
[0405/180703.082418:WARNING:headless_browser_main_parts.cc(83)] Cannot create Pref Service with no user data dir.
[0405/180704.374189:WARNING:audio_manager_linux.cc(69)] Falling back to ALSA for audio output. PulseAudio is not available or could not be initialized.
INFO  [2021-04-05 18:07:06] Finished to obtain recipe 7 on page 2.
INFO  [2021-04-05 18:07:06] Started to obtain recipe 8 on page 2.
[0405/180711.608661:WARNING:headless_browser_main_parts.cc(83)] Cannot create Pref Service with no user data dir.
[0405/180712.900877:WARNING:audio_manager_linux.cc(69)] Falling back to ALSA for audio output. PulseAudio is not available or could not be initialized.
INFO  [2021-04-05 18:07:14] Finished to obtain recipe 8 on page 2.
INFO  [2021-04-05 18:07:14] Started to obtain recipe 9 on page 2.
[0405/180719.598942:WARNING:headless_browser_main_parts.cc(83)] Cannot create Pref Service with no user data dir.
[0405/180720.661148:WARNING:audio_manager_linux.cc(69)] Falling back to ALSA for audio output. PulseAudio is not available or could not be initialized.
INFO  [2021-04-05 18:07:22] Finished to obtain recipe 9 on page 2.
INFO  [2021-04-05 18:07:22] Started to obtain recipe 10 on page 2.
[0405/180727.313997:WARNING:headless_browser_main_parts.cc(83)] Cannot create Pref Service with no user data dir.
[0405/180728.557012:WARNING:audio_manager_linux.cc(69)] Falling back to ALSA for audio output. PulseAudio is not available or could not be initialized.
INFO  [2021-04-05 18:07:30] Finished to obtain recipe 10 on page 2.
INFO  [2021-04-05 18:07:30] Started to obtain recipe 11 on page 2.
[0405/180735.112898:WARNING:headless_browser_main_parts.cc(83)] Cannot create Pref Service with no user data dir.
[0405/180736.805613:WARNING:audio_manager_linux.cc(69)] Falling back to ALSA for audio output. PulseAudio is not available or could not be initialized.
INFO  [2021-04-05 18:07:38] Finished to obtain recipe 11 on page 2.
INFO  [2021-04-05 18:07:38] Started to obtain recipe 12 on page 2.
[0405/180744.030061:WARNING:headless_browser_main_parts.cc(83)] Cannot create Pref Service with no user data dir.
[0405/180745.323584:WARNING:audio_manager_linux.cc(69)] Falling back to ALSA for audio output. PulseAudio is not available or could not be initialized.
INFO  [2021-04-05 18:07:47] Finished to obtain recipe 12 on page 2.
INFO  [2021-04-05 18:07:47] Started to obtain recipe 13 on page 2.
[0405/180752.734794:WARNING:headless_browser_main_parts.cc(83)] Cannot create Pref Service with no user data dir.
[0405/180754.107177:WARNING:audio_manager_linux.cc(69)] Falling back to ALSA for audio output. PulseAudio is not available or could not be initialized.
INFO  [2021-04-05 18:07:55] Finished to obtain recipe 13 on page 2.
INFO  [2021-04-05 18:07:55] Started to obtain recipe 14 on page 2.
[0405/180800.742091:WARNING:headless_browser_main_parts.cc(83)] Cannot create Pref Service with no user data dir.
[0405/180802.071111:WARNING:audio_manager_linux.cc(69)] Falling back to ALSA for audio output. PulseAudio is not available or could not be initialized.
INFO  [2021-04-05 18:08:07] Finished to obtain recipe 14 on page 2.
INFO  [2021-04-05 18:08:07] Started to obtain recipe 15 on page 2.
[0405/180812.884848:WARNING:headless_browser_main_parts.cc(83)] Cannot create Pref Service with no user data dir.
[0405/180814.250544:WARNING:audio_manager_linux.cc(69)] Falling back to ALSA for audio output. PulseAudio is not available or could not be initialized.
INFO  [2021-04-05 18:08:16] Finished to obtain recipe 15 on page 2.
INFO  [2021-04-05 18:08:16] Started to obtain recipe 16 on page 2.
[0405/180821.500920:WARNING:headless_browser_main_parts.cc(83)] Cannot create Pref Service with no user data dir.
[0405/180822.881791:WARNING:audio_manager_linux.cc(69)] Falling back to ALSA for audio output. PulseAudio is not available or could not be initialized.
INFO  [2021-04-05 18:08:24] Finished to obtain recipe 16 on page 2.
INFO  [2021-04-05 18:08:24] Started to obtain recipe 17 on page 2.
[0405/180829.574923:WARNING:headless_browser_main_parts.cc(83)] Cannot create Pref Service with no user data dir.
[0405/180830.858604:WARNING:audio_manager_linux.cc(69)] Falling back to ALSA for audio output. PulseAudio is not available or could not be initialized.
INFO  [2021-04-05 18:08:32] Finished to obtain recipe 17 on page 2.
INFO  [2021-04-05 18:08:32] Started to obtain recipe 18 on page 2.
[0405/180837.385714:WARNING:headless_browser_main_parts.cc(83)] Cannot create Pref Service with no user data dir.
[0405/180838.653056:WARNING:audio_manager_linux.cc(69)] Falling back to ALSA for audio output. PulseAudio is not available or could not be initialized.
INFO  [2021-04-05 18:08:40] Finished to obtain recipe 18 on page 2.
INFO  [2021-04-05 18:08:40] Started to obtain recipe 19 on page 2.
[0405/180845.237148:WARNING:headless_browser_main_parts.cc(83)] Cannot create Pref Service with no user data dir.
[0405/180846.496428:WARNING:audio_manager_linux.cc(69)] Falling back to ALSA for audio output. PulseAudio is not available or could not be initialized.
INFO  [2021-04-05 18:08:48] Finished to obtain recipe 19 on page 2.
INFO  [2021-04-05 18:08:48] Started to obtain recipe 20 on page 2.
[0405/180853.127339:WARNING:headless_browser_main_parts.cc(83)] Cannot create Pref Service with no user data dir.
[0405/180854.422772:WARNING:audio_manager_linux.cc(69)] Falling back to ALSA for audio output. PulseAudio is not available or could not be initialized.
INFO  [2021-04-05 18:08:55] Finished to obtain recipe 20 on page 2.
INFO  [2021-04-05 18:08:55] Started to obtain recipe 21 on page 2.
[0405/180900.919956:WARNING:headless_browser_main_parts.cc(83)] Cannot create Pref Service with no user data dir.
[0405/180902.161973:WARNING:audio_manager_linux.cc(69)] Falling back to ALSA for audio output. PulseAudio is not available or could not be initialized.
INFO  [2021-04-05 18:09:04] Finished to obtain recipe 21 on page 2.
INFO  [2021-04-05 18:09:04] Started to obtain recipe 22 on page 2.
[0405/180909.352900:WARNING:headless_browser_main_parts.cc(83)] Cannot create Pref Service with no user data dir.
[0405/180910.820855:WARNING:audio_manager_linux.cc(69)] Falling back to ALSA for audio output. PulseAudio is not available or could not be initialized.
INFO  [2021-04-05 18:09:14] Finished to obtain recipe 22 on page 2.
INFO  [2021-04-05 18:09:14] Started to obtain recipe 23 on page 2.
[0405/180919.699612:WARNING:headless_browser_main_parts.cc(83)] Cannot create Pref Service with no user data dir.
[0405/180920.963274:WARNING:audio_manager_linux.cc(69)] Falling back to ALSA for audio output. PulseAudio is not available or could not be initialized.
INFO  [2021-04-05 18:09:23] Finished to obtain recipe 23 on page 2.
INFO  [2021-04-05 18:09:23] Started to obtain recipe 24 on page 2.
[0405/180928.228116:WARNING:headless_browser_main_parts.cc(83)] Cannot create Pref Service with no user data dir.
[0405/180929.566836:WARNING:audio_manager_linux.cc(69)] Falling back to ALSA for audio output. PulseAudio is not available or could not be initialized.
INFO  [2021-04-05 18:09:31] Finished to obtain recipe 24 on page 2.
INFO  [2021-04-05 18:09:31] Started to obtain recipe 25 on page 2.
[0405/180936.242138:WARNING:headless_browser_main_parts.cc(83)] Cannot create Pref Service with no user data dir.
[0405/180937.493631:WARNING:audio_manager_linux.cc(69)] Falling back to ALSA for audio output. PulseAudio is not available or could not be initialized.
INFO  [2021-04-05 18:09:39] Finished to obtain recipe 25 on page 2.
INFO  [2021-04-05 18:09:39] Started to obtain recipe 26 on page 2.
[0405/180944.686019:WARNING:headless_browser_main_parts.cc(83)] Cannot create Pref Service with no user data dir.
[0405/180946.065745:WARNING:audio_manager_linux.cc(69)] Falling back to ALSA for audio output. PulseAudio is not available or could not be initialized.
INFO  [2021-04-05 18:09:50] Finished to obtain recipe 26 on page 2.
INFO  [2021-04-05 18:09:50] Started to obtain recipe 27 on page 2.
[0405/180955.579907:WARNING:headless_browser_main_parts.cc(83)] Cannot create Pref Service with no user data dir.
[0405/180956.862594:WARNING:audio_manager_linux.cc(69)] Falling back to ALSA for audio output. PulseAudio is not available or could not be initialized.
INFO  [2021-04-05 18:09:58] Finished to obtain recipe 27 on page 2.
INFO  [2021-04-05 18:09:58] Started to obtain recipe 28 on page 2.
[0405/181004.024605:WARNING:headless_browser_main_parts.cc(83)] Cannot create Pref Service with no user data dir.
[0405/181005.375899:WARNING:audio_manager_linux.cc(69)] Falling back to ALSA for audio output. PulseAudio is not available or could not be initialized.
[0405/181008.547912:ERROR:object_proxy.cc(621)] Failed to call method: org.freedesktop.DBus.Properties.Get: object_path= /org/freedesktop/UPower: org.freedesktop.DBus.Error.ServiceUnknown: The name org.freedesktop.UPower was not provided by any .service files
[0405/181008.547980:WARNING:property.cc(144)] DaemonVersion: GetAndBlock: failed.
[0405/181008.548241:ERROR:object_proxy.cc(621)] Failed to call method: org.freedesktop.UPower.GetDisplayDevice: object_path= /org/freedesktop/UPower: org.freedesktop.DBus.Error.ServiceUnknown: The name org.freedesktop.UPower was not provided by any .service files
[0405/181008.548636:ERROR:object_proxy.cc(621)] Failed to call method: org.freedesktop.UPower.EnumerateDevices: object_path= /org/freedesktop/UPower: org.freedesktop.DBus.Error.ServiceUnknown: The name org.freedesktop.UPower was not provided by any .service files
[0405/181008.584696:WARNING:used_ids.h(55)] Duplicate id found. Reassigning from 104 to 127
[0405/181008.584846:WARNING:used_ids.h(55)] Duplicate id found. Reassigning from 106 to 125
[0405/181008.584955:WARNING:used_ids.h(55)] Duplicate id found. Reassigning from 110 to 124
[0405/181008.585045:WARNING:used_ids.h(55)] Duplicate id found. Reassigning from 112 to 123
[0405/181008.585132:WARNING:used_ids.h(55)] Duplicate id found. Reassigning from 102 to 122
[0405/181008.585235:WARNING:used_ids.h(55)] Duplicate id found. Reassigning from 103 to 121
[0405/181008.585361:WARNING:used_ids.h(55)] Duplicate id found. Reassigning from 105 to 120
[0405/181008.585490:WARNING:used_ids.h(55)] Duplicate id found. Reassigning from 111 to 119
[0405/181008.717630:ERROR:socket_manager.cc(128)] Failed to resolve address for stun.botonakis.com., errorcode: -105
[0405/181008.717714:ERROR:socket_manager.cc(128)] Failed to resolve address for stun.botonakis.com., errorcode: -105
[0405/181008.731427:ERROR:socket_manager.cc(128)] Failed to resolve address for stun.voxox.com., errorcode: -105
[0405/181008.731502:ERROR:socket_manager.cc(128)] Failed to resolve address for stun.voxox.com., errorcode: -105
[0405/181008.795907:WARNING:stun_port.cc(450)] Port[1698e400:0:1:0:local:Net[any:0:0:0:x:x:x:x:x/0:Wildcard:id=0]]: StunPort: stun host lookup received error 0
[0405/181008.796135:WARNING:stun_port.cc(450)] Port[1698e400:0:1:0:local:Net[any:0:0:0:x:x:x:x:x/0:Wildcard:id=0]]: StunPort: stun host lookup received error 0
[0405/181008.796321:WARNING:stun_port.cc(450)] Port[15c1c200:0:1:0:local:Net[any:0.0.0.x/0:Wildcard:id=0]]: StunPort: stun host lookup received error -1
[0405/181008.796459:WARNING:stun_port.cc(450)] Port[1698e400:0:1:0:local:Net[any:0:0:0:x:x:x:x:x/0:Wildcard:id=0]]: StunPort: stun host lookup received error -1
[0405/181008.796785:WARNING:stun_port.cc(450)] Port[1698e400:0:1:0:local:Net[any:0:0:0:x:x:x:x:x/0:Wildcard:id=0]]: StunPort: stun host lookup received error 0
[0405/181008.796997:WARNING:stun_port.cc(450)] Port[1698e400:0:1:0:local:Net[any:0:0:0:x:x:x:x:x/0:Wildcard:id=0]]: StunPort: stun host lookup received error 0
[0405/181008.797213:WARNING:stun_port.cc(450)] Port[1698e400:0:1:0:local:Net[any:0:0:0:x:x:x:x:x/0:Wildcard:id=0]]: StunPort: stun host lookup received error 0
[0405/181008.797415:WARNING:stun_port.cc(450)] Port[15c1c200:0:1:0:local:Net[any:0.0.0.x/0:Wildcard:id=0]]: StunPort: stun host lookup received error -1
[0405/181008.797569:WARNING:stun_port.cc(450)] Port[1698e400:0:1:0:local:Net[any:0:0:0:x:x:x:x:x/0:Wildcard:id=0]]: StunPort: stun host lookup received error -1
[0405/181008.847924:ERROR:socket_manager.cc(128)] Failed to resolve address for stun.node4.co.uk., errorcode: -105
[0405/181008.847986:ERROR:socket_manager.cc(128)] Failed to resolve address for stun.node4.co.uk., errorcode: -105
[0405/181008.899285:WARNING:stun_port.cc(450)] Port[1698e400:0:1:0:local:Net[any:0:0:0:x:x:x:x:x/0:Wildcard:id=0]]: StunPort: stun host lookup received error 0
[0405/181008.913669:WARNING:stun_port.cc(450)] Port[15c1c200:0:1:0:local:Net[any:0.0.0.x/0:Wildcard:id=0]]: StunPort: stun host lookup received error -1
[0405/181008.913769:WARNING:stun_port.cc(450)] Port[1698e400:0:1:0:local:Net[any:0:0:0:x:x:x:x:x/0:Wildcard:id=0]]: StunPort: stun host lookup received error -1
[0405/181008.913918:WARNING:stun_port.cc(450)] Port[1698e400:0:1:0:local:Net[any:0:0:0:x:x:x:x:x/0:Wildcard:id=0]]: StunPort: stun host lookup received error 0
[0405/181008.935487:ERROR:socket_manager.cc(128)] Failed to resolve address for stun.budgetphone.nl., errorcode: -105
[0405/181008.935685:ERROR:socket_manager.cc(128)] Failed to resolve address for stun.budgetphone.nl., errorcode: -105
[0405/181008.949851:WARNING:stun_port.cc(450)] Port[15c1c200:0:1:0:local:Net[any:0.0.0.x/0:Wildcard:id=0]]: StunPort: stun host lookup received error -1
[0405/181008.967786:WARNING:stun_port.cc(450)] Port[1698e400:0:1:0:local:Net[any:0:0:0:x:x:x:x:x/0:Wildcard:id=0]]: StunPort: stun host lookup received error -1
[0405/181008.968037:WARNING:stun_port.cc(450)] Port[1698e400:0:1:0:local:Net[any:0:0:0:x:x:x:x:x/0:Wildcard:id=0]]: StunPort: stun host lookup received error 0
[0405/181008.988688:WARNING:stun_port.cc(450)] Port[1698e400:0:1:0:local:Net[any:0:0:0:x:x:x:x:x/0:Wildcard:id=0]]: StunPort: stun host lookup received error 0
INFO  [2021-04-05 18:10:09] Finished to obtain recipe 28 on page 2.
INFO  [2021-04-05 18:10:09] Started to obtain recipe 29 on page 2.
[0405/181014.703858:WARNING:headless_browser_main_parts.cc(83)] Cannot create Pref Service with no user data dir.
[0405/181016.053142:WARNING:audio_manager_linux.cc(69)] Falling back to ALSA for audio output. PulseAudio is not available or could not be initialized.
INFO  [2021-04-05 18:10:20] Finished to obtain recipe 29 on page 2.
INFO  [2021-04-05 18:10:20] Started to obtain recipe 30 on page 2.
[0405/181025.441949:WARNING:headless_browser_main_parts.cc(83)] Cannot create Pref Service with no user data dir.
[0405/181027.210840:WARNING:audio_manager_linux.cc(69)] Falling back to ALSA for audio output. PulseAudio is not available or could not be initialized.
INFO  [2021-04-05 18:10:29] Finished to obtain recipe 30 on page 2.
INFO  [2021-04-05 18:10:29] Started writing page 2 to database.
INFO  [2021-04-05 18:10:29] 
INFO  [2021-04-05 18:10:29] Started obtaining recipe links for page 3.
INFO  [2021-04-05 18:10:30] Finished obtaining recipe links for page 3.
INFO  [2021-04-05 18:10:30] Started to obtain recipe 1 on page 3.
[0405/181035.176864:WARNING:headless_browser_main_parts.cc(83)] Cannot create Pref Service with no user data dir.
[0405/181036.869192:WARNING:audio_manager_linux.cc(69)] Falling back to ALSA for audio output. PulseAudio is not available or could not be initialized.
INFO  [2021-04-05 18:10:38] Finished to obtain recipe 1 on page 3.
INFO  [2021-04-05 18:10:38] Started to obtain recipe 2 on page 3.
[0405/181043.612732:WARNING:headless_browser_main_parts.cc(83)] Cannot create Pref Service with no user data dir.
[0405/181045.244596:WARNING:audio_manager_linux.cc(69)] Falling back to ALSA for audio output. PulseAudio is not available or could not be initialized.
INFO  [2021-04-05 18:10:46] Finished to obtain recipe 2 on page 3.
INFO  [2021-04-05 18:10:46] Started to obtain recipe 3 on page 3.
[0405/181051.847654:WARNING:headless_browser_main_parts.cc(83)] Cannot create Pref Service with no user data dir.
[0405/181053.441953:WARNING:audio_manager_linux.cc(69)] Falling back to ALSA for audio output. PulseAudio is not available or could not be initialized.
INFO  [2021-04-05 18:10:57] Finished to obtain recipe 3 on page 3.
INFO  [2021-04-05 18:10:57] Started to obtain recipe 4 on page 3.
[0405/181102.362162:WARNING:headless_browser_main_parts.cc(83)] Cannot create Pref Service with no user data dir.
[0405/181103.682350:WARNING:audio_manager_linux.cc(69)] Falling back to ALSA for audio output. PulseAudio is not available or could not be initialized.
INFO  [2021-04-05 18:11:07] Finished to obtain recipe 4 on page 3.
INFO  [2021-04-05 18:11:07] Started to obtain recipe 5 on page 3.
[0405/181113.095135:WARNING:headless_browser_main_parts.cc(83)] Cannot create Pref Service with no user data dir.
[0405/181114.805446:WARNING:audio_manager_linux.cc(69)] Falling back to ALSA for audio output. PulseAudio is not available or could not be initialized.
INFO  [2021-04-05 18:11:16] Finished to obtain recipe 5 on page 3.
INFO  [2021-04-05 18:11:16] Started to obtain recipe 6 on page 3.
[0405/181121.657415:WARNING:headless_browser_main_parts.cc(83)] Cannot create Pref Service with no user data dir.
[0405/181123.231990:WARNING:audio_manager_linux.cc(69)] Falling back to ALSA for audio output. PulseAudio is not available or could not be initialized.
[0405/181126.425690:ERROR:object_proxy.cc(621)] Failed to call method: org.freedesktop.DBus.Properties.Get: object_path= /org/freedesktop/UPower: org.freedesktop.DBus.Error.ServiceUnknown: The name org.freedesktop.UPower was not provided by any .service files
[0405/181126.425754:WARNING:property.cc(144)] DaemonVersion: GetAndBlock: failed.
[0405/181126.426044:ERROR:object_proxy.cc(621)] Failed to call method: org.freedesktop.UPower.GetDisplayDevice: object_path= /org/freedesktop/UPower: org.freedesktop.DBus.Error.ServiceUnknown: The name org.freedesktop.UPower was not provided by any .service files
[0405/181126.426327:ERROR:object_proxy.cc(621)] Failed to call method: org.freedesktop.UPower.EnumerateDevices: object_path= /org/freedesktop/UPower: org.freedesktop.DBus.Error.ServiceUnknown: The name org.freedesktop.UPower was not provided by any .service files
[0405/181126.455384:WARNING:used_ids.h(55)] Duplicate id found. Reassigning from 104 to 127
[0405/181126.455483:WARNING:used_ids.h(55)] Duplicate id found. Reassigning from 106 to 125
[0405/181126.455575:WARNING:used_ids.h(55)] Duplicate id found. Reassigning from 110 to 124
[0405/181126.455644:WARNING:used_ids.h(55)] Duplicate id found. Reassigning from 112 to 123
[0405/181126.455714:WARNING:used_ids.h(55)] Duplicate id found. Reassigning from 102 to 122
[0405/181126.455801:WARNING:used_ids.h(55)] Duplicate id found. Reassigning from 103 to 121
[0405/181126.455888:WARNING:used_ids.h(55)] Duplicate id found. Reassigning from 105 to 120
[0405/181126.455984:WARNING:used_ids.h(55)] Duplicate id found. Reassigning from 111 to 119
[0405/181126.577702:WARNING:stun_port.cc(450)] Port[6436f400:0:1:0:local:Net[any:0:0:0:x:x:x:x:x/0:Wildcard:id=0]]: StunPort: stun host lookup received error 0
[0405/181126.578192:WARNING:stun_port.cc(450)] Port[6436f400:0:1:0:local:Net[any:0:0:0:x:x:x:x:x/0:Wildcard:id=0]]: StunPort: stun host lookup received error 0
[0405/181126.578862:WARNING:stun_port.cc(450)] Port[6436f400:0:1:0:local:Net[any:0:0:0:x:x:x:x:x/0:Wildcard:id=0]]: StunPort: stun host lookup received error 0
[0405/181126.580579:WARNING:stun_port.cc(450)] Port[6436f400:0:1:0:local:Net[any:0:0:0:x:x:x:x:x/0:Wildcard:id=0]]: StunPort: stun host lookup received error 0
[0405/181126.581578:ERROR:socket_manager.cc(128)] Failed to resolve address for stun.botonakis.com., errorcode: -105
[0405/181126.581692:ERROR:socket_manager.cc(128)] Failed to resolve address for stun.botonakis.com., errorcode: -105
[0405/181126.582121:WARNING:stun_port.cc(450)] Port[6436fa00:0:1:0:local:Net[any:0.0.0.x/0:Wildcard:id=0]]: StunPort: stun host lookup received error -1
[0405/181126.582990:WARNING:stun_port.cc(450)] Port[6436f400:0:1:0:local:Net[any:0:0:0:x:x:x:x:x/0:Wildcard:id=0]]: StunPort: stun host lookup received error -1
[0405/181126.583350:WARNING:stun_port.cc(450)] Port[6436f400:0:1:0:local:Net[any:0:0:0:x:x:x:x:x/0:Wildcard:id=0]]: StunPort: stun host lookup received error 0
[0405/181126.584385:WARNING:stun_port.cc(450)] Port[6436f400:0:1:0:local:Net[any:0:0:0:x:x:x:x:x/0:Wildcard:id=0]]: StunPort: stun host lookup received error 0
[0405/181126.584785:WARNING:stun_port.cc(450)] Port[6436f400:0:1:0:local:Net[any:0:0:0:x:x:x:x:x/0:Wildcard:id=0]]: StunPort: stun host lookup received error 0
[0405/181126.585951:WARNING:stun_port.cc(450)] Port[6436f400:0:1:0:local:Net[any:0:0:0:x:x:x:x:x/0:Wildcard:id=0]]: StunPort: stun host lookup received error 0
[0405/181126.586539:WARNING:stun_port.cc(450)] Port[6436f400:0:1:0:local:Net[any:0:0:0:x:x:x:x:x/0:Wildcard:id=0]]: StunPort: stun host lookup received error 0
[0405/181126.586662:ERROR:socket_manager.cc(128)] Failed to resolve address for stun.node4.co.uk., errorcode: -105
[0405/181126.586742:ERROR:socket_manager.cc(128)] Failed to resolve address for stun.node4.co.uk., errorcode: -105
[0405/181126.591163:ERROR:socket_manager.cc(128)] Failed to resolve address for stun.voxox.com., errorcode: -105
[0405/181126.591272:ERROR:socket_manager.cc(128)] Failed to resolve address for stun.voxox.com., errorcode: -105
[0405/181126.605476:WARNING:stun_port.cc(450)] Port[6436fa00:0:1:0:local:Net[any:0.0.0.x/0:Wildcard:id=0]]: StunPort: stun host lookup received error -1
[0405/181126.625972:WARNING:stun_port.cc(450)] Port[6436f400:0:1:0:local:Net[any:0:0:0:x:x:x:x:x/0:Wildcard:id=0]]: StunPort: stun host lookup received error -1
[0405/181126.626232:WARNING:stun_port.cc(450)] Port[6436fa00:0:1:0:local:Net[any:0.0.0.x/0:Wildcard:id=0]]: StunPort: stun host lookup received error -1
[0405/181126.626401:WARNING:stun_port.cc(450)] Port[6436f400:0:1:0:local:Net[any:0:0:0:x:x:x:x:x/0:Wildcard:id=0]]: StunPort: stun host lookup received error -1
[0405/181126.802751:ERROR:socket_manager.cc(128)] Failed to resolve address for stun.budgetphone.nl., errorcode: -105
[0405/181126.802892:ERROR:socket_manager.cc(128)] Failed to resolve address for stun.budgetphone.nl., errorcode: -105
[0405/181126.816607:WARNING:stun_port.cc(450)] Port[6436fa00:0:1:0:local:Net[any:0.0.0.x/0:Wildcard:id=0]]: StunPort: stun host lookup received error -1
[0405/181126.817968:WARNING:stun_port.cc(450)] Port[6436f400:0:1:0:local:Net[any:0:0:0:x:x:x:x:x/0:Wildcard:id=0]]: StunPort: stun host lookup received error -1
INFO  [2021-04-05 18:11:27] Finished to obtain recipe 6 on page 3.
INFO  [2021-04-05 18:11:27] Started to obtain recipe 7 on page 3.
[0405/181132.250345:WARNING:headless_browser_main_parts.cc(83)] Cannot create Pref Service with no user data dir.
[0405/181133.918382:WARNING:audio_manager_linux.cc(69)] Falling back to ALSA for audio output. PulseAudio is not available or could not be initialized.
INFO  [2021-04-05 18:11:36] Finished to obtain recipe 7 on page 3.
INFO  [2021-04-05 18:11:36] Started to obtain recipe 8 on page 3.
[0405/181141.216118:WARNING:headless_browser_main_parts.cc(83)] Cannot create Pref Service with no user data dir.
[0405/181142.988274:WARNING:audio_manager_linux.cc(69)] Falling back to ALSA for audio output. PulseAudio is not available or could not be initialized.
INFO  [2021-04-05 18:11:45] Finished to obtain recipe 8 on page 3.
INFO  [2021-04-05 18:11:45] Started to obtain recipe 9 on page 3.
[0405/181150.174887:WARNING:headless_browser_main_parts.cc(83)] Cannot create Pref Service with no user data dir.
[0405/181151.935462:WARNING:audio_manager_linux.cc(69)] Falling back to ALSA for audio output. PulseAudio is not available or could not be initialized.
INFO  [2021-04-05 18:11:54] Finished to obtain recipe 9 on page 3.
INFO  [2021-04-05 18:11:54] Started to obtain recipe 10 on page 3.
[0405/181159.152811:WARNING:headless_browser_main_parts.cc(83)] Cannot create Pref Service with no user data dir.
[0405/181201.129821:WARNING:audio_manager_linux.cc(69)] Falling back to ALSA for audio output. PulseAudio is not available or could not be initialized.
INFO  [2021-04-05 18:12:05] Finished to obtain recipe 10 on page 3.
INFO  [2021-04-05 18:12:05] Started to obtain recipe 11 on page 3.
[0405/181210.456804:WARNING:headless_browser_main_parts.cc(83)] Cannot create Pref Service with no user data dir.
[0405/181212.215400:WARNING:audio_manager_linux.cc(69)] Falling back to ALSA for audio output. PulseAudio is not available or could not be initialized.
INFO  [2021-04-05 18:12:13] Finished to obtain recipe 11 on page 3.
INFO  [2021-04-05 18:12:13] Started to obtain recipe 12 on page 3.
[0405/181218.875004:WARNING:headless_browser_main_parts.cc(83)] Cannot create Pref Service with no user data dir.
[0405/181220.494990:WARNING:audio_manager_linux.cc(69)] Falling back to ALSA for audio output. PulseAudio is not available or could not be initialized.
INFO  [2021-04-05 18:12:21] Finished to obtain recipe 12 on page 3.
INFO  [2021-04-05 18:12:21] Started to obtain recipe 13 on page 3.
[0405/181227.067048:WARNING:headless_browser_main_parts.cc(83)] Cannot create Pref Service with no user data dir.
[0405/181228.765821:WARNING:audio_manager_linux.cc(69)] Falling back to ALSA for audio output. PulseAudio is not available or could not be initialized.
INFO  [2021-04-05 18:12:32] Finished to obtain recipe 13 on page 3.
INFO  [2021-04-05 18:12:32] Started to obtain recipe 14 on page 3.
[0405/181237.569254:WARNING:headless_browser_main_parts.cc(83)] Cannot create Pref Service with no user data dir.
[0405/181238.979712:WARNING:audio_manager_linux.cc(69)] Falling back to ALSA for audio output. PulseAudio is not available or could not be initialized.
INFO  [2021-04-05 18:12:40] Finished to obtain recipe 14 on page 3.
INFO  [2021-04-05 18:12:40] Started to obtain recipe 15 on page 3.
[0405/181245.513095:WARNING:headless_browser_main_parts.cc(83)] Cannot create Pref Service with no user data dir.
[0405/181247.211528:WARNING:audio_manager_linux.cc(69)] Falling back to ALSA for audio output. PulseAudio is not available or could not be initialized.
INFO  [2021-04-05 18:12:49] Finished to obtain recipe 15 on page 3.
INFO  [2021-04-05 18:12:49] Started to obtain recipe 16 on page 3.
[0405/181254.132881:WARNING:headless_browser_main_parts.cc(83)] Cannot create Pref Service with no user data dir.
[0405/181255.775764:WARNING:audio_manager_linux.cc(69)] Falling back to ALSA for audio output. PulseAudio is not available or could not be initialized.
INFO  [2021-04-05 18:12:57] Finished to obtain recipe 16 on page 3.
INFO  [2021-04-05 18:12:57] Started to obtain recipe 17 on page 3.
[0405/181303.001765:WARNING:headless_browser_main_parts.cc(83)] Cannot create Pref Service with no user data dir.
[0405/181304.734658:WARNING:audio_manager_linux.cc(69)] Falling back to ALSA for audio output. PulseAudio is not available or could not be initialized.
INFO  [2021-04-05 18:13:07] Finished to obtain recipe 17 on page 3.
INFO  [2021-04-05 18:13:07] Started to obtain recipe 18 on page 3.
[0405/181312.116364:WARNING:headless_browser_main_parts.cc(83)] Cannot create Pref Service with no user data dir.
[0405/181314.031173:WARNING:audio_manager_linux.cc(69)] Falling back to ALSA for audio output. PulseAudio is not available or could not be initialized.
INFO  [2021-04-05 18:13:15] Finished to obtain recipe 18 on page 3.
INFO  [2021-04-05 18:13:15] Started to obtain recipe 19 on page 3.
[0405/181320.739561:WARNING:headless_browser_main_parts.cc(83)] Cannot create Pref Service with no user data dir.
[0405/181322.377218:WARNING:audio_manager_linux.cc(69)] Falling back to ALSA for audio output. PulseAudio is not available or could not be initialized.
INFO  [2021-04-05 18:13:26] Finished to obtain recipe 19 on page 3.
INFO  [2021-04-05 18:13:26] Started to obtain recipe 20 on page 3.
[0405/181331.708543:WARNING:headless_browser_main_parts.cc(83)] Cannot create Pref Service with no user data dir.
[0405/181333.414164:WARNING:audio_manager_linux.cc(69)] Falling back to ALSA for audio output. PulseAudio is not available or could not be initialized.
INFO  [2021-04-05 18:13:36] Finished to obtain recipe 20 on page 3.
INFO  [2021-04-05 18:13:36] Started to obtain recipe 21 on page 3.
[0405/181342.008021:WARNING:headless_browser_main_parts.cc(83)] Cannot create Pref Service with no user data dir.
[0405/181343.900014:WARNING:audio_manager_linux.cc(69)] Falling back to ALSA for audio output. PulseAudio is not available or could not be initialized.
INFO  [2021-04-05 18:13:45] Finished to obtain recipe 21 on page 3.
INFO  [2021-04-05 18:13:45] Started to obtain recipe 22 on page 3.
[0405/181350.474542:WARNING:headless_browser_main_parts.cc(83)] Cannot create Pref Service with no user data dir.
[0405/181352.223065:WARNING:audio_manager_linux.cc(69)] Falling back to ALSA for audio output. PulseAudio is not available or could not be initialized.
INFO  [2021-04-05 18:13:53] Finished to obtain recipe 22 on page 3.
INFO  [2021-04-05 18:13:53] Started to obtain recipe 23 on page 3.
[0405/181358.763486:WARNING:headless_browser_main_parts.cc(83)] Cannot create Pref Service with no user data dir.
[0405/181400.376133:WARNING:audio_manager_linux.cc(69)] Falling back to ALSA for audio output. PulseAudio is not available or could not be initialized.
[0405/181403.335154:ERROR:object_proxy.cc(621)] Failed to call method: org.freedesktop.DBus.Properties.Get: object_path= /org/freedesktop/UPower: org.freedesktop.DBus.Error.ServiceUnknown: The name org.freedesktop.UPower was not provided by any .service files
[0405/181403.335188:WARNING:property.cc(144)] DaemonVersion: GetAndBlock: failed.
[0405/181403.335426:ERROR:object_proxy.cc(621)] Failed to call method: org.freedesktop.UPower.GetDisplayDevice: object_path= /org/freedesktop/UPower: org.freedesktop.DBus.Error.ServiceUnknown: The name org.freedesktop.UPower was not provided by any .service files
[0405/181403.335654:ERROR:object_proxy.cc(621)] Failed to call method: org.freedesktop.UPower.EnumerateDevices: object_path= /org/freedesktop/UPower: org.freedesktop.DBus.Error.ServiceUnknown: The name org.freedesktop.UPower was not provided by any .service files
[0405/181403.370193:WARNING:used_ids.h(55)] Duplicate id found. Reassigning from 104 to 127
[0405/181403.370289:WARNING:used_ids.h(55)] Duplicate id found. Reassigning from 106 to 125
[0405/181403.370382:WARNING:used_ids.h(55)] Duplicate id found. Reassigning from 110 to 124
[0405/181403.370451:WARNING:used_ids.h(55)] Duplicate id found. Reassigning from 112 to 123
[0405/181403.370530:WARNING:used_ids.h(55)] Duplicate id found. Reassigning from 102 to 122
[0405/181403.370620:WARNING:used_ids.h(55)] Duplicate id found. Reassigning from 103 to 121
[0405/181403.370697:WARNING:used_ids.h(55)] Duplicate id found. Reassigning from 105 to 120
[0405/181403.370794:WARNING:used_ids.h(55)] Duplicate id found. Reassigning from 111 to 119
[0405/181403.438716:ERROR:socket_manager.cc(128)] Failed to resolve address for stun.botonakis.com., errorcode: -105
[0405/181403.438774:ERROR:socket_manager.cc(128)] Failed to resolve address for stun.botonakis.com., errorcode: -105
[0405/181403.440923:WARNING:stun_port.cc(450)] Port[4ff24400:0:1:0:local:Net[any:0:0:0:x:x:x:x:x/0:Wildcard:id=0]]: StunPort: stun host lookup received error 0
[0405/181403.441114:WARNING:stun_port.cc(450)] Port[4ff24400:0:1:0:local:Net[any:0:0:0:x:x:x:x:x/0:Wildcard:id=0]]: StunPort: stun host lookup received error 0
[0405/181403.441662:WARNING:stun_port.cc(450)] Port[4ff24400:0:1:0:local:Net[any:0:0:0:x:x:x:x:x/0:Wildcard:id=0]]: StunPort: stun host lookup received error 0
[0405/181403.442053:WARNING:stun_port.cc(450)] Port[4ff24400:0:1:0:local:Net[any:0:0:0:x:x:x:x:x/0:Wildcard:id=0]]: StunPort: stun host lookup received error 0
[0405/181403.442452:WARNING:stun_port.cc(450)] Port[4ff24400:0:1:0:local:Net[any:0:0:0:x:x:x:x:x/0:Wildcard:id=0]]: StunPort: stun host lookup received error 0
[0405/181403.443136:WARNING:stun_port.cc(450)] Port[4ff24400:0:1:0:local:Net[any:0:0:0:x:x:x:x:x/0:Wildcard:id=0]]: StunPort: stun host lookup received error 0
[0405/181403.443487:WARNING:stun_port.cc(450)] Port[4ff24400:0:1:0:local:Net[any:0:0:0:x:x:x:x:x/0:Wildcard:id=0]]: StunPort: stun host lookup received error 0
[0405/181403.443645:WARNING:stun_port.cc(450)] Port[4ff24400:0:1:0:local:Net[any:0:0:0:x:x:x:x:x/0:Wildcard:id=0]]: StunPort: stun host lookup received error 0
[0405/181403.444069:ERROR:socket_manager.cc(128)] Failed to resolve address for stun.voxox.com., errorcode: -105
[0405/181403.444107:ERROR:socket_manager.cc(128)] Failed to resolve address for stun.voxox.com., errorcode: -105
[0405/181403.444142:WARNING:stun_port.cc(450)] Port[4ff24400:0:1:0:local:Net[any:0:0:0:x:x:x:x:x/0:Wildcard:id=0]]: StunPort: stun host lookup received error 0
[0405/181403.444309:WARNING:stun_port.cc(450)] Port[4ff23800:0:1:0:local:Net[any:0.0.0.x/0:Wildcard:id=0]]: StunPort: stun host lookup received error -1
[0405/181403.444448:WARNING:stun_port.cc(450)] Port[4ff24400:0:1:0:local:Net[any:0:0:0:x:x:x:x:x/0:Wildcard:id=0]]: StunPort: stun host lookup received error -1
[0405/181403.449946:WARNING:stun_port.cc(450)] Port[4ff23800:0:1:0:local:Net[any:0.0.0.x/0:Wildcard:id=0]]: StunPort: stun host lookup received error -1
[0405/181403.457419:WARNING:stun_port.cc(450)] Port[4ff24400:0:1:0:local:Net[any:0:0:0:x:x:x:x:x/0:Wildcard:id=0]]: StunPort: stun host lookup received error -1
[0405/181403.479842:ERROR:socket_manager.cc(128)] Failed to resolve address for stun.node4.co.uk., errorcode: -105
[0405/181403.479950:ERROR:socket_manager.cc(128)] Failed to resolve address for stun.node4.co.uk., errorcode: -105
[0405/181403.485345:WARNING:stun_port.cc(450)] Port[4ff23800:0:1:0:local:Net[any:0.0.0.x/0:Wildcard:id=0]]: StunPort: stun host lookup received error -1
[0405/181403.485504:WARNING:stun_port.cc(450)] Port[4ff24400:0:1:0:local:Net[any:0:0:0:x:x:x:x:x/0:Wildcard:id=0]]: StunPort: stun host lookup received error -1
[0405/181403.660755:ERROR:socket_manager.cc(128)] Failed to resolve address for stun.budgetphone.nl., errorcode: -105
[0405/181403.660845:ERROR:socket_manager.cc(128)] Failed to resolve address for stun.budgetphone.nl., errorcode: -105
[0405/181403.663903:WARNING:stun_port.cc(450)] Port[4ff23800:0:1:0:local:Net[any:0.0.0.x/0:Wildcard:id=0]]: StunPort: stun host lookup received error -1
[0405/181403.671770:WARNING:stun_port.cc(450)] Port[4ff24400:0:1:0:local:Net[any:0:0:0:x:x:x:x:x/0:Wildcard:id=0]]: StunPort: stun host lookup received error -1
INFO  [2021-04-05 18:14:04] Finished to obtain recipe 23 on page 3.
INFO  [2021-04-05 18:14:04] Started to obtain recipe 24 on page 3.
[0405/181409.161006:WARNING:headless_browser_main_parts.cc(83)] Cannot create Pref Service with no user data dir.
[0405/181410.819271:WARNING:audio_manager_linux.cc(69)] Falling back to ALSA for audio output. PulseAudio is not available or could not be initialized.
INFO  [2021-04-05 18:14:12] Finished to obtain recipe 24 on page 3.
INFO  [2021-04-05 18:14:12] Started to obtain recipe 25 on page 3.
[0405/181418.004676:WARNING:headless_browser_main_parts.cc(83)] Cannot create Pref Service with no user data dir.
[0405/181419.664023:WARNING:audio_manager_linux.cc(69)] Falling back to ALSA for audio output. PulseAudio is not available or could not be initialized.
INFO  [2021-04-05 18:14:21] Finished to obtain recipe 25 on page 3.
INFO  [2021-04-05 18:14:21] Started to obtain recipe 26 on page 3.
[0405/181426.877139:WARNING:headless_browser_main_parts.cc(83)] Cannot create Pref Service with no user data dir.
[0405/181428.626946:WARNING:audio_manager_linux.cc(69)] Falling back to ALSA for audio output. PulseAudio is not available or could not be initialized.
INFO  [2021-04-05 18:14:33] Finished to obtain recipe 26 on page 3.
INFO  [2021-04-05 18:14:33] Started to obtain recipe 27 on page 3.
[0405/181438.231872:WARNING:headless_browser_main_parts.cc(83)] Cannot create Pref Service with no user data dir.
[0405/181440.079083:WARNING:audio_manager_linux.cc(69)] Falling back to ALSA for audio output. PulseAudio is not available or could not be initialized.
INFO  [2021-04-05 18:14:42] Finished to obtain recipe 27 on page 3.
INFO  [2021-04-05 18:14:42] Started to obtain recipe 28 on page 3.
[0405/181447.415284:WARNING:headless_browser_main_parts.cc(83)] Cannot create Pref Service with no user data dir.
[0405/181449.261845:WARNING:audio_manager_linux.cc(69)] Falling back to ALSA for audio output. PulseAudio is not available or could not be initialized.
INFO  [2021-04-05 18:14:53] Finished to obtain recipe 28 on page 3.
INFO  [2021-04-05 18:14:53] Started to obtain recipe 29 on page 3.
[0405/181458.128024:WARNING:headless_browser_main_parts.cc(83)] Cannot create Pref Service with no user data dir.
[0405/181459.838735:WARNING:audio_manager_linux.cc(69)] Falling back to ALSA for audio output. PulseAudio is not available or could not be initialized.
INFO  [2021-04-05 18:15:01] Finished to obtain recipe 29 on page 3.
INFO  [2021-04-05 18:15:01] Started to obtain recipe 30 on page 3.
[0405/181507.065821:WARNING:headless_browser_main_parts.cc(83)] Cannot create Pref Service with no user data dir.
[0405/181508.915173:WARNING:audio_manager_linux.cc(69)] Falling back to ALSA for audio output. PulseAudio is not available or could not be initialized.
INFO  [2021-04-05 18:15:12] Finished to obtain recipe 30 on page 3.
INFO  [2021-04-05 18:15:12] Started writing page 3 to database.
INFO  [2021-04-05 18:15:12] 
INFO  [2021-04-05 18:15:12] Started obtaining recipe links for page 4.
INFO  [2021-04-05 18:15:13] Finished obtaining recipe links for page 4.
INFO  [2021-04-05 18:15:13] Started to obtain recipe 1 on page 4.
[0405/181518.532773:WARNING:headless_browser_main_parts.cc(83)] Cannot create Pref Service with no user data dir.
[0405/181520.318652:WARNING:audio_manager_linux.cc(69)] Falling back to ALSA for audio output. PulseAudio is not available or could not be initialized.
INFO  [2021-04-05 18:15:22] Finished to obtain recipe 1 on page 4.
INFO  [2021-04-05 18:15:22] Started to obtain recipe 2 on page 4.
[0405/181527.551291:WARNING:headless_browser_main_parts.cc(83)] Cannot create Pref Service with no user data dir.
[0405/181529.029892:WARNING:audio_manager_linux.cc(69)] Falling back to ALSA for audio output. PulseAudio is not available or could not be initialized.
INFO  [2021-04-05 18:15:31] Finished to obtain recipe 2 on page 4.
INFO  [2021-04-05 18:15:31] Started to obtain recipe 3 on page 4.
[0405/181536.140616:WARNING:headless_browser_main_parts.cc(83)] Cannot create Pref Service with no user data dir.
[0405/181537.981371:WARNING:audio_manager_linux.cc(69)] Falling back to ALSA for audio output. PulseAudio is not available or could not be initialized.
INFO  [2021-04-05 18:15:39] Finished to obtain recipe 3 on page 4.
INFO  [2021-04-05 18:15:39] Started to obtain recipe 4 on page 4.
[0405/181544.457680:WARNING:headless_browser_main_parts.cc(83)] Cannot create Pref Service with no user data dir.
[0405/181546.156801:WARNING:audio_manager_linux.cc(69)] Falling back to ALSA for audio output. PulseAudio is not available or could not be initialized.
INFO  [2021-04-05 18:15:49] Finished to obtain recipe 4 on page 4.
INFO  [2021-04-05 18:15:49] Started to obtain recipe 5 on page 4.
[0405/181554.895603:WARNING:headless_browser_main_parts.cc(83)] Cannot create Pref Service with no user data dir.
[0405/181556.655711:WARNING:audio_manager_linux.cc(69)] Falling back to ALSA for audio output. PulseAudio is not available or could not be initialized.
INFO  [2021-04-05 18:15:58] Finished to obtain recipe 5 on page 4.
INFO  [2021-04-05 18:15:58] Started to obtain recipe 6 on page 4.
[0405/181603.840765:WARNING:headless_browser_main_parts.cc(83)] Cannot create Pref Service with no user data dir.
[0405/181605.696666:WARNING:audio_manager_linux.cc(69)] Falling back to ALSA for audio output. PulseAudio is not available or could not be initialized.
INFO  [2021-04-05 18:16:07] Finished to obtain recipe 6 on page 4.
INFO  [2021-04-05 18:16:07] Started to obtain recipe 7 on page 4.
[0405/181612.304769:WARNING:headless_browser_main_parts.cc(83)] Cannot create Pref Service with no user data dir.
[0405/181613.950260:WARNING:audio_manager_linux.cc(69)] Falling back to ALSA for audio output. PulseAudio is not available or could not be initialized.
INFO  [2021-04-05 18:16:15] Finished to obtain recipe 7 on page 4.
INFO  [2021-04-05 18:16:15] Started to obtain recipe 8 on page 4.
[0405/181620.469694:WARNING:headless_browser_main_parts.cc(83)] Cannot create Pref Service with no user data dir.
[0405/181622.169098:WARNING:audio_manager_linux.cc(69)] Falling back to ALSA for audio output. PulseAudio is not available or could not be initialized.
INFO  [2021-04-05 18:16:23] Finished to obtain recipe 8 on page 4.
INFO  [2021-04-05 18:16:23] Started to obtain recipe 9 on page 4.
[0405/181628.740774:WARNING:headless_browser_main_parts.cc(83)] Cannot create Pref Service with no user data dir.
[0405/181630.316711:WARNING:audio_manager_linux.cc(69)] Falling back to ALSA for audio output. PulseAudio is not available or could not be initialized.
INFO  [2021-04-05 18:16:31] Finished to obtain recipe 9 on page 4.
INFO  [2021-04-05 18:16:31] Started to obtain recipe 10 on page 4.
[0405/181636.818918:WARNING:headless_browser_main_parts.cc(83)] Cannot create Pref Service with no user data dir.
[0405/181637.930742:WARNING:audio_manager_linux.cc(69)] Falling back to ALSA for audio output. PulseAudio is not available or could not be initialized.
INFO  [2021-04-05 18:16:40] Finished to obtain recipe 10 on page 4.
INFO  [2021-04-05 18:16:40] Started to obtain recipe 11 on page 4.
[0405/181645.137613:WARNING:headless_browser_main_parts.cc(83)] Cannot create Pref Service with no user data dir.
[0405/181646.730624:WARNING:audio_manager_linux.cc(69)] Falling back to ALSA for audio output. PulseAudio is not available or could not be initialized.
Hangup
Error in UseMethod("xml_find_first") : 
  no applicable method for 'xml_find_first' applied to an object of class "xml_document"
Calls: get_recipes_in_page_range ... html_element -> html_element.default -> <Anonymous>
Execution halted
